{
  "RSpec": {
    "coverage": {
      "C:/Users/redux/Epicodus/Week9/word_nerds/lib/word.rb": {
        "lines": [
          1,
          1,
          1,
          null,
          1,
          1,
          null,
          1,
          4,
          4,
          null,
          null,
          1,
          3,
          null,
          null,
          1,
          1,
          null,
          null,
          1,
          2,
          null,
          null,
          null
        ]
      }
    },
    "timestamp": 1627055177
  }
}
